<?xml version="1.0" encoding="UTF-8"?>
<beans xmlns="http://www.springframework.org/schema/beans"
	xmlns:xsi="http://www.w3.org/2001/XMLSchema-instance" 
	xmlns:hola="http://www.solmix.org/schema/hola"
	xsi:schemaLocation="http://www.springframework.org/schema/beans 
						http://www.springframework.org/schema/beans/spring-beans.xsd
						http://www.solmix.org/schema/hola 
						http://www.solmix.org/schema/hola/hola.xsd">

<hola:application name="test"/>
<hola:application id="test2" version="1.0.2"/>
<hola:module id="module" version="1.0.2"/>
<hola:service id="service" interface="org.solmix.hola.rt.spring.DemoService" ref="demo"/>
<bean id="demo" class="org.solmix.hola.rt.spring.DemoService"></bean>
</beans>
